unload bsc/commands (PATH, MANPATH) 
unload CUDA/9.1 (PATH, MANPATH, LD_LIBRARY_PATH, LIBRARY_PATH, C_INCLUDE_PATH,
CPLUS_INCLUDE_PATH, CUDA_HOME, CUDA_VERSION, CUDA_INC, CUDA_INSTALL_PATH) 
unload OPENMPI/3.0.0 (PATH, MANPATH, LD_LIBRARY_PATH, LIBRARY_PATH,
PKG_CONFIG_PATH, C_INCLUDE_PATH, CPLUS_INCLUDE_PATH, MPI, MPI_V) 
unload GCC/6.4.0 (PATH, MANPATH, INFOPATH, LD_LIBRARY_PATH, LIBRARY_PATH,
C_INCLUDE_PATH, CPLUS_INCLUDE_PATH, STD COMP VARS) 
load FFMPEG/4.0.2 (PATH, LIBRARY_PATH, PKG_CONFIG_PATH, C_INCLUDE_PATH,
CPLUS_INCLUDE_PATH) 
load GCC/6.4.0 (PATH, MANPATH, INFOPATH, LD_LIBRARY_PATH, LIBRARY_PATH,
C_INCLUDE_PATH, CPLUS_INCLUDE_PATH, STD COMP VARS) 
load CUDA/9.1 (PATH, MANPATH, LD_LIBRARY_PATH, LIBRARY_PATH, C_INCLUDE_PATH,
CPLUS_INCLUDE_PATH, CUDA_HOME, CUDA_VERSION, CUDA_INC, CUDA_INSTALL_PATH) 
load CUDNN/7.1.3 (LD_LIBRARY_PATH, LIBRARY_PATH, C_INCLUDE_PATH,
CPLUS_INCLUDE_PATH) 
load OPENMPI/3.0.0 (PATH, MANPATH, LD_LIBRARY_PATH, LIBRARY_PATH,
PKG_CONFIG_PATH, C_INCLUDE_PATH, CPLUS_INCLUDE_PATH, MPI, MPI_V) 
load ATLAS/3.10.3 (LD_LIBRARY_PATH, LIBRARY_PATH, C_INCLUDE_PATH,
CPLUS_INCLUDE_PATH) 
load SCALAPACK/2.0.2 (LD_LIBRARY_PATH, LIBRARY_PATH, PKG_CONFIG_PATH) 
load FFTW/3.3.7 (PATH, MANPATH, LD_LIBRARY_PATH, LIBRARY_PATH, C_INCLUDE_PATH,
CPLUS_INCLUDE_PATH) 
load SZIP/2.1.1 (LD_LIBRARY_PATH, LIBRARY_PATH, C_INCLUDE_PATH,
CPLUS_INCLUDE_PATH) 
load OPENCV/3.4.1 (PATH, LD_LIBRARY_PATH, LIBRARY_PATH, PKG_CONFIG_PATH,
C_INCLUDE_PATH, CPLUS_INCLUDE_PATH, PYTHONPATH) 
load PYTHON/3.6.5_ML (PATH, MANPATH, LD_LIBRARY_PATH, LIBRARY_PATH,
PKG_CONFIG_PATH, C_INCLUDE_PATH, CPLUS_INCLUDE_PATH, PYTHONHOME, PYTHONPATH) 
WARNING:tensorflow:From /apps/PYTHON/3.6.5_ML/lib/python3.6/site-packages/tensorflow/python/framework/op_def_library.py:263: colocate_with (from tensorflow.python.framework.ops) is deprecated and will be removed in a future version.
Instructions for updating:
Colocations handled automatically by placer.
WARNING:tensorflow:From multilayer.py:96: calling dropout (from tensorflow.python.ops.nn_ops) with keep_prob is deprecated and will be removed in a future version.
Instructions for updating:
Please use `rate` instead of `keep_prob`. Rate should be set to `rate = 1 - keep_prob`.
WARNING:tensorflow:From multilayer.py:106: softmax_cross_entropy_with_logits (from tensorflow.python.ops.nn_ops) is deprecated and will be removed in a future version.
Instructions for updating:

Future major versions of TensorFlow will allow gradients to flow
into the labels input on backprop by default.

See `tf.nn.softmax_cross_entropy_with_logits_v2`.

2022-05-11 14:31:56.651879: W tensorflow/core/platform/profile_utils/cpu_utils.cc:98] Failed to find bogomips in /proc/cpuinfo; cannot determine CPU frequency
2022-05-11 14:31:56.658137: I tensorflow/compiler/xla/service/service.cc:150] XLA service 0x1e995480 executing computations on platform Host. Devices:
2022-05-11 14:31:56.658175: I tensorflow/compiler/xla/service/service.cc:158]   StreamExecutor device (0): <undefined>, <undefined>
2022-05-11 14:31:57.097603: I tensorflow/compiler/xla/service/service.cc:150] XLA service 0x1ea68e30 executing computations on platform CUDA. Devices:
2022-05-11 14:31:57.097681: I tensorflow/compiler/xla/service/service.cc:158]   StreamExecutor device (0): Tesla V100-SXM2-16GB, Compute Capability 7.0
2022-05-11 14:31:57.097696: I tensorflow/compiler/xla/service/service.cc:158]   StreamExecutor device (1): Tesla V100-SXM2-16GB, Compute Capability 7.0
2022-05-11 14:31:57.097708: I tensorflow/compiler/xla/service/service.cc:158]   StreamExecutor device (2): Tesla V100-SXM2-16GB, Compute Capability 7.0
2022-05-11 14:31:57.097720: I tensorflow/compiler/xla/service/service.cc:158]   StreamExecutor device (3): Tesla V100-SXM2-16GB, Compute Capability 7.0
2022-05-11 14:31:57.099132: I tensorflow/core/common_runtime/gpu/gpu_device.cc:1433] Found device 0 with properties: 
name: Tesla V100-SXM2-16GB major: 7 minor: 0 memoryClockRate(GHz): 1.53
pciBusID: 0004:04:00.0
totalMemory: 15.78GiB freeMemory: 15.47GiB
2022-05-11 14:31:57.102470: I tensorflow/core/common_runtime/gpu/gpu_device.cc:1433] Found device 1 with properties: 
name: Tesla V100-SXM2-16GB major: 7 minor: 0 memoryClockRate(GHz): 1.53
pciBusID: 0004:05:00.0
totalMemory: 15.78GiB freeMemory: 15.47GiB
2022-05-11 14:31:57.102510: I tensorflow/core/common_runtime/gpu/gpu_device.cc:1433] Found device 2 with properties: 
name: Tesla V100-SXM2-16GB major: 7 minor: 0 memoryClockRate(GHz): 1.53
pciBusID: 0035:03:00.0
totalMemory: 15.78GiB freeMemory: 15.47GiB
2022-05-11 14:31:57.102548: I tensorflow/core/common_runtime/gpu/gpu_device.cc:1433] Found device 3 with properties: 
name: Tesla V100-SXM2-16GB major: 7 minor: 0 memoryClockRate(GHz): 1.53
pciBusID: 0035:04:00.0
totalMemory: 15.78GiB freeMemory: 15.47GiB
2022-05-11 14:31:57.102610: I tensorflow/core/common_runtime/gpu/gpu_device.cc:1512] Adding visible gpu devices: 0, 1, 2, 3
2022-05-11 14:31:57.116015: I tensorflow/core/common_runtime/gpu/gpu_device.cc:984] Device interconnect StreamExecutor with strength 1 edge matrix:
2022-05-11 14:31:57.116062: I tensorflow/core/common_runtime/gpu/gpu_device.cc:990]      0 1 2 3 
2022-05-11 14:31:57.116076: I tensorflow/core/common_runtime/gpu/gpu_device.cc:1003] 0:   N Y Y Y 
2022-05-11 14:31:57.116088: I tensorflow/core/common_runtime/gpu/gpu_device.cc:1003] 1:   Y N Y Y 
2022-05-11 14:31:57.116100: I tensorflow/core/common_runtime/gpu/gpu_device.cc:1003] 2:   Y Y N Y 
2022-05-11 14:31:57.116111: I tensorflow/core/common_runtime/gpu/gpu_device.cc:1003] 3:   Y Y Y N 
2022-05-11 14:31:57.116319: I tensorflow/core/common_runtime/gpu/gpu_device.cc:1115] Created TensorFlow device (/job:localhost/replica:0/task:0/device:GPU:0 with 15050 MB memory) -> physical GPU (device: 0, name: Tesla V100-SXM2-16GB, pci bus id: 0004:04:00.0, compute capability: 7.0)
2022-05-11 14:31:57.121669: I tensorflow/core/common_runtime/gpu/gpu_device.cc:1115] Created TensorFlow device (/job:localhost/replica:0/task:0/device:GPU:1 with 15050 MB memory) -> physical GPU (device: 1, name: Tesla V100-SXM2-16GB, pci bus id: 0004:05:00.0, compute capability: 7.0)
2022-05-11 14:31:57.131087: I tensorflow/core/common_runtime/gpu/gpu_device.cc:1115] Created TensorFlow device (/job:localhost/replica:0/task:0/device:GPU:2 with 15050 MB memory) -> physical GPU (device: 2, name: Tesla V100-SXM2-16GB, pci bus id: 0035:03:00.0, compute capability: 7.0)
2022-05-11 14:31:57.132840: I tensorflow/core/common_runtime/gpu/gpu_device.cc:1115] Created TensorFlow device (/job:localhost/replica:0/task:0/device:GPU:3 with 15050 MB memory) -> physical GPU (device: 3, name: Tesla V100-SXM2-16GB, pci bus id: 0035:04:00.0, compute capability: 7.0)
2022-05-11 14:31:57.145702: I tensorflow/core/common_runtime/direct_session.cc:317] Device mapping:
/job:localhost/replica:0/task:0/device:XLA_CPU:0 -> device: XLA_CPU device
/job:localhost/replica:0/task:0/device:XLA_GPU:0 -> device: XLA_GPU device
/job:localhost/replica:0/task:0/device:XLA_GPU:1 -> device: XLA_GPU device
/job:localhost/replica:0/task:0/device:XLA_GPU:2 -> device: XLA_GPU device
/job:localhost/replica:0/task:0/device:XLA_GPU:3 -> device: XLA_GPU device
/job:localhost/replica:0/task:0/device:GPU:0 -> device: 0, name: Tesla V100-SXM2-16GB, pci bus id: 0004:04:00.0, compute capability: 7.0
/job:localhost/replica:0/task:0/device:GPU:1 -> device: 1, name: Tesla V100-SXM2-16GB, pci bus id: 0004:05:00.0, compute capability: 7.0
/job:localhost/replica:0/task:0/device:GPU:2 -> device: 2, name: Tesla V100-SXM2-16GB, pci bus id: 0035:03:00.0, compute capability: 7.0
/job:localhost/replica:0/task:0/device:GPU:3 -> device: 3, name: Tesla V100-SXM2-16GB, pci bus id: 0035:04:00.0, compute capability: 7.0

2022-05-11 14:31:57.166550: I tensorflow/core/common_runtime/placer.cc:1059] zeros: (Fill)/job:localhost/replica:0/task:0/device:GPU:0
2022-05-11 14:31:57.166577: I tensorflow/core/common_runtime/placer.cc:1059] Variable: (VariableV2)/job:localhost/replica:0/task:0/device:GPU:0
2022-05-11 14:31:57.166592: I tensorflow/core/common_runtime/placer.cc:1059] Variable/Assign: (Assign)/job:localhost/replica:0/task:0/device:GPU:0
2022-05-11 14:31:57.166605: I tensorflow/core/common_runtime/placer.cc:1059] Variable/read: (Identity)/job:localhost/replica:0/task:0/device:GPU:0
2022-05-11 14:31:57.166625: I tensorflow/core/common_runtime/placer.cc:1059] truncated_normal/TruncatedNormal: (TruncatedNormal)/job:localhost/replica:0/task:0/device:GPU:0
2022-05-11 14:31:57.166645: I tensorflow/core/common_runtime/placer.cc:1059] truncated_normal/mul: (Mul)/job:localhost/replica:0/task:0/device:GPU:0
2022-05-11 14:31:57.166664: I tensorflow/core/common_runtime/placer.cc:1059] truncated_normal: (Add)/job:localhost/replica:0/task:0/device:GPU:0
2022-05-11 14:31:57.166680: I tensorflow/core/common_runtime/placer.cc:1059] Variable_1: (VariableV2)/job:localhost/replica:0/task:0/device:GPU:0
2022-05-11 14:31:57.166693: I tensorflow/core/common_runtime/placer.cc:1059] Variable_1/Assign: (Assign)/job:localhost/replica:0/task:0/device:GPU:0
2022-05-11 14:31:57.166705: I tensorflow/core/common_runtime/placer.cc:1059] Variable_1/read: (Identity)/job:localhost/replica:0/task:0/device:GPU:0
2022-05-11 14:31:57.166721: I tensorflow/core/common_runtime/placer.cc:1059] Variable_2: (VariableV2)/job:localhost/replica:0/task:0/device:GPU:0
2022-05-11 14:31:57.166733: I tensorflow/core/common_runtime/placer.cc:1059] Variable_2/Assign: (Assign)/job:localhost/replica:0/task:0/device:GPU:0
2022-05-11 14:31:57.166745: I tensorflow/core/common_runtime/placer.cc:1059] Variable_2/read: (Identity)/job:localhost/replica:0/task:0/device:GPU:0
2022-05-11 14:31:57.166763: I tensorflow/core/common_runtime/placer.cc:1059] Reshape: (Reshape)/job:localhost/replica:0/task:0/device:GPU:0
2022-05-11 14:31:57.166782: I tensorflow/core/common_runtime/placer.cc:1059] Conv2D: (Conv2D)/job:localhost/replica:0/task:0/device:GPU:0
2022-05-11 14:31:57.166801: I tensorflow/core/common_runtime/placer.cc:1059] add: (Add)/job:localhost/replica:0/task:0/device:GPU:0
2022-05-11 14:31:57.166819: I tensorflow/core/common_runtime/placer.cc:1059] Relu: (Relu)/job:localhost/replica:0/task:0/device:GPU:0
2022-05-11 14:31:57.166838: I tensorflow/core/common_runtime/placer.cc:1059] MaxPool: (MaxPool)/job:localhost/replica:0/task:0/device:GPU:0
2022-05-11 14:31:57.166857: I tensorflow/core/common_runtime/placer.cc:1059] truncated_normal_1/TruncatedNormal: (TruncatedNormal)/job:localhost/replica:0/task:0/device:GPU:0
2022-05-11 14:31:57.166875: I tensorflow/core/common_runtime/placer.cc:1059] truncated_normal_1/mul: (Mul)/job:localhost/replica:0/task:0/device:GPU:0
2022-05-11 14:31:57.166894: I tensorflow/core/common_runtime/placer.cc:1059] truncated_normal_1: (Add)/job:localhost/replica:0/task:0/device:GPU:0
2022-05-11 14:31:57.166910: I tensorflow/core/common_runtime/placer.cc:1059] Variable_3: (VariableV2)/job:localhost/replica:0/task:0/device:GPU:0
2022-05-11 14:31:57.166922: I tensorflow/core/common_runtime/placer.cc:1059] Variable_3/Assign: (Assign)/job:localhost/replica:0/task:0/device:GPU:0
2022-05-11 14:31:57.166933: I tensorflow/core/common_runtime/placer.cc:1059] Variable_3/read: (Identity)/job:localhost/replica:0/task:0/device:GPU:0
2022-05-11 14:31:57.166948: I tensorflow/core/common_runtime/placer.cc:1059] Variable_4: (VariableV2)/job:localhost/replica:0/task:0/device:GPU:0
2022-05-11 14:31:57.166960: I tensorflow/core/common_runtime/placer.cc:1059] Variable_4/Assign: (Assign)/job:localhost/replica:0/task:0/device:GPU:0
2022-05-11 14:31:57.166972: I tensorflow/core/common_runtime/placer.cc:1059] Variable_4/read: (Identity)/job:localhost/replica:0/task:0/device:GPU:0
2022-05-11 14:31:57.166990: I tensorflow/core/common_runtime/placer.cc:1059] Conv2D_1: (Conv2D)/job:localhost/replica:0/task:0/device:GPU:0
2022-05-11 14:31:57.167008: I tensorflow/core/common_runtime/placer.cc:1059] add_1: (Add)/job:localhost/replica:0/task:0/device:GPU:0
2022-05-11 14:31:57.167026: I tensorflow/core/common_runtime/placer.cc:1059] Relu_1: (Relu)/job:localhost/replica:0/task:0/device:GPU:0
2022-05-11 14:31:57.167044: I tensorflow/core/common_runtime/placer.cc:1059] MaxPool_1: (MaxPool)/job:localhost/replica:0/task:0/device:GPU:0
2022-05-11 14:31:57.167062: I tensorflow/core/common_runtime/placer.cc:1059] truncated_normal_2/TruncatedNormal: (TruncatedNormal)/job:localhost/replica:0/task:0/device:GPU:0
2022-05-11 14:31:57.167081: I tensorflow/core/common_runtime/placer.cc:1059] truncated_normal_2/mul: (Mul)/job:localhost/replica:0/task:0/device:GPU:0
2022-05-11 14:31:57.167099: I tensorflow/core/common_runtime/placer.cc:1059] truncated_normal_2: (Add)/job:localhost/replica:0/task:0/device:GPU:0
2022-05-11 14:31:57.167114: I tensorflow/core/common_runtime/placer.cc:1059] Variable_5: (VariableV2)/job:localhost/replica:0/task:0/device:GPU:0
2022-05-11 14:31:57.167126: I tensorflow/core/common_runtime/placer.cc:1059] Variable_5/Assign: (Assign)/job:localhost/replica:0/task:0/device:GPU:0
2022-05-11 14:31:57.167138: I tensorflow/core/common_runtime/placer.cc:1059] Variable_5/read: (Identity)/job:localhost/replica:0/task:0/device:GPU:0
2022-05-11 14:31:57.167154: I tensorflow/core/common_runtime/placer.cc:1059] Variable_6: (VariableV2)/job:localhost/replica:0/task:0/device:GPU:0
2022-05-11 14:31:57.167166: I tensorflow/core/common_runtime/placer.cc:1059] Variable_6/Assign: (Assign)/job:localhost/replica:0/task:0/device:GPU:0
2022-05-11 14:31:57.167177: I tensorflow/core/common_runtime/placer.cc:1059] Variable_6/read: (Identity)/job:localhost/replica:0/task:0/device:GPU:0
2022-05-11 14:31:57.167195: I tensorflow/core/common_runtime/placer.cc:1059] Reshape_1: (Reshape)/job:localhost/replica:0/task:0/device:GPU:0
2022-05-11 14:31:57.167214: I tensorflow/core/common_runtime/placer.cc:1059] MatMul: (MatMul)/job:localhost/replica:0/task:0/device:GPU:0
2022-05-11 14:31:57.167232: I tensorflow/core/common_runtime/placer.cc:1059] add_2: (Add)/job:localhost/replica:0/task:0/device:GPU:0
2022-05-11 14:31:57.167250: I tensorflow/core/common_runtime/placer.cc:1059] Relu_2: (Relu)/job:localhost/replica:0/task:0/device:GPU:0
2022-05-11 14:31:57.167268: I tensorflow/core/common_runtime/placer.cc:1059] sub: (Sub)/job:localhost/replica:0/task:0/device:GPU:0
2022-05-11 14:31:57.167287: I tensorflow/core/common_runtime/placer.cc:1059] dropout/Shape: (Shape)/job:localhost/replica:0/task:0/device:GPU:0
2022-05-11 14:31:57.167305: I tensorflow/core/common_runtime/placer.cc:1059] dropout/sub: (Sub)/job:localhost/replica:0/task:0/device:GPU:0
2022-05-11 14:31:57.167323: I tensorflow/core/common_runtime/placer.cc:1059] dropout/random_uniform/RandomUniform: (RandomUniform)/job:localhost/replica:0/task:0/device:GPU:0
2022-05-11 14:31:57.167342: I tensorflow/core/common_runtime/placer.cc:1059] dropout/random_uniform/sub: (Sub)/job:localhost/replica:0/task:0/device:GPU:0
2022-05-11 14:31:57.167360: I tensorflow/core/common_runtime/placer.cc:1059] dropout/random_uniform/mul: (Mul)/job:localhost/replica:0/task:0/device:GPU:0
2022-05-11 14:31:57.167378: I tensorflow/core/common_runtime/placer.cc:1059] dropout/random_uniform: (Add)/job:localhost/replica:0/task:0/device:GPU:0
2022-05-11 14:31:57.167396: I tensorflow/core/common_runtime/placer.cc:1059] dropout/add: (Add)/job:localhost/replica:0/task:0/device:GPU:0
2022-05-11 14:31:57.167415: I tensorflow/core/common_runtime/placer.cc:1059] dropout/Floor: (Floor)/job:localhost/replica:0/task:0/device:GPU:0
2022-05-11 14:31:57.167433: I tensorflow/core/common_runtime/placer.cc:1059] dropout/truediv: (RealDiv)/job:localhost/replica:0/task:0/device:GPU:0
2022-05-11 14:31:57.167451: I tensorflow/core/common_runtime/placer.cc:1059] dropout/mul: (Mul)/job:localhost/replica:0/task:0/device:GPU:0
2022-05-11 14:31:57.167469: I tensorflow/core/common_runtime/placer.cc:1059] truncated_normal_3/TruncatedNormal: (TruncatedNormal)/job:localhost/replica:0/task:0/device:GPU:0
2022-05-11 14:31:57.167487: I tensorflow/core/common_runtime/placer.cc:1059] truncated_normal_3/mul: (Mul)/job:localhost/replica:0/task:0/device:GPU:0
2022-05-11 14:31:57.167505: I tensorflow/core/common_runtime/placer.cc:1059] truncated_normal_3: (Add)/job:localhost/replica:0/task:0/device:GPU:0
2022-05-11 14:31:57.167520: I tensorflow/core/common_runtime/placer.cc:1059] Variable_7: (VariableV2)/job:localhost/replica:0/task:0/device:GPU:0
2022-05-11 14:31:57.167532: I tensorflow/core/common_runtime/placer.cc:1059] Variable_7/Assign: (Assign)/job:localhost/replica:0/task:0/device:GPU:0
2022-05-11 14:31:57.167544: I tensorflow/core/common_runtime/placer.cc:1059] Variable_7/read: (Identity)/job:localhost/replica:0/task:0/device:GPU:0
2022-05-11 14:31:57.167559: I tensorflow/core/common_runtime/placer.cc:1059] Variable_8: (VariableV2)/job:localhost/replica:0/task:0/device:GPU:0
2022-05-11 14:31:57.167571: I tensorflow/core/common_runtime/placer.cc:1059] Variable_8/Assign: (Assign)/job:localhost/replica:0/task:0/device:GPU:0
2022-05-11 14:31:57.167582: I tensorflow/core/common_runtime/placer.cc:1059] Variable_8/read: (Identity)/job:localhost/replica:0/task:0/device:GPU:0
2022-05-11 14:31:57.167600: I tensorflow/core/common_runtime/placer.cc:1059] MatMul_1: (MatMul)/job:localhost/replica:0/task:0/device:GPU:0
2022-05-11 14:31:57.167618: I tensorflow/core/common_runtime/placer.cc:1059] add_3: (Add)/job:localhost/replica:0/task:0/device:GPU:0
2022-05-11 14:31:57.167637: I tensorflow/core/common_runtime/placer.cc:1059] softmax_cross_entropy_with_logits_sg/labels_stop_gradient: (StopGradient)/job:localhost/replica:0/task:0/device:GPU:0
2022-05-11 14:31:57.167655: I tensorflow/core/common_runtime/placer.cc:1059] softmax_cross_entropy_with_logits_sg/Shape: (Shape)/job:localhost/replica:0/task:0/device:GPU:0
2022-05-11 14:31:57.167673: I tensorflow/core/common_runtime/placer.cc:1059] softmax_cross_entropy_with_logits_sg/Shape_1: (Shape)/job:localhost/replica:0/task:0/device:GPU:0
2022-05-11 14:31:57.167692: I tensorflow/core/common_runtime/placer.cc:1059] softmax_cross_entropy_with_logits_sg/Sub: (Sub)/job:localhost/replica:0/task:0/device:GPU:0
2022-05-11 14:31:57.167710: I tensorflow/core/common_runtime/placer.cc:1059] softmax_cross_entropy_with_logits_sg/Slice/begin: (Pack)/job:localhost/replica:0/task:0/device:GPU:0
2022-05-11 14:31:57.167728: I tensorflow/core/common_runtime/placer.cc:1059] softmax_cross_entropy_with_logits_sg/Slice: (Slice)/job:localhost/replica:0/task:0/device:GPU:0
2022-05-11 14:31:57.167747: I tensorflow/core/common_runtime/placer.cc:1059] softmax_cross_entropy_with_logits_sg/concat: (ConcatV2)/job:localhost/replica:0/task:0/device:GPU:0
2022-05-11 14:31:57.167765: I tensorflow/core/common_runtime/placer.cc:1059] softmax_cross_entropy_with_logits_sg/Reshape: (Reshape)/job:localhost/replica:0/task:0/device:GPU:0
2022-05-11 14:31:57.167783: I tensorflow/core/common_runtime/placer.cc:1059] softmax_cross_entropy_with_logits_sg/Shape_2: (Shape)/job:localhost/replica:0/task:0/device:GPU:0
2022-05-11 14:31:57.167801: I tensorflow/core/common_runtime/placer.cc:1059] softmax_cross_entropy_with_logits_sg/Sub_1: (Sub)/job:localhost/replica:0/task:0/device:GPU:0
2022-05-11 14:31:57.167819: I tensorflow/core/common_runtime/placer.cc:1059] softmax_cross_entropy_with_logits_sg/Slice_1/begin: (Pack)/job:localhost/replica:0/task:0/device:GPU:0
2022-05-11 14:31:57.167837: I tensorflow/core/common_runtime/placer.cc:1059] softmax_cross_entropy_with_logits_sg/Slice_1: (Slice)/job:localhost/replica:0/task:0/device:GPU:0
2022-05-11 14:31:57.167856: I tensorflow/core/common_runtime/placer.cc:1059] softmax_cross_entropy_with_logits_sg/concat_1: (ConcatV2)/job:localhost/replica:0/task:0/device:GPU:0
2022-05-11 14:31:57.167874: I tensorflow/core/common_runtime/placer.cc:1059] softmax_cross_entropy_with_logits_sg/Reshape_1: (Reshape)/job:localhost/replica:0/task:0/device:GPU:0
2022-05-11 14:31:57.167892: I tensorflow/core/common_runtime/placer.cc:1059] softmax_cross_entropy_with_logits_sg: (SoftmaxCrossEntropyWithLogits)/job:localhost/replica:0/task:0/device:GPU:0
2022-05-11 14:31:57.167910: I tensorflow/core/common_runtime/placer.cc:1059] softmax_cross_entropy_with_logits_sg/Sub_2: (Sub)/job:localhost/replica:0/task:0/device:GPU:0
2022-05-11 14:31:57.167928: I tensorflow/core/common_runtime/placer.cc:1059] softmax_cross_entropy_with_logits_sg/Slice_2/size: (Pack)/job:localhost/replica:0/task:0/device:GPU:0
2022-05-11 14:31:57.167946: I tensorflow/core/common_runtime/placer.cc:1059] softmax_cross_entropy_with_logits_sg/Slice_2: (Slice)/job:localhost/replica:0/task:0/device:GPU:0
2022-05-11 14:31:57.167964: I tensorflow/core/common_runtime/placer.cc:1059] softmax_cross_entropy_with_logits_sg/Reshape_2: (Reshape)/job:localhost/replica:0/task:0/device:GPU:0
2022-05-11 14:31:57.167981: I tensorflow/core/common_runtime/placer.cc:1059] Mean: (Mean)/job:localhost/replica:0/task:0/device:GPU:0
2022-05-11 14:31:57.167999: I tensorflow/core/common_runtime/placer.cc:1059] gradients/Fill: (Fill)/job:localhost/replica:0/task:0/device:GPU:0
2022-05-11 14:31:57.168017: I tensorflow/core/common_runtime/placer.cc:1059] gradients/Mean_grad/Reshape: (Reshape)/job:localhost/replica:0/task:0/device:GPU:0
2022-05-11 14:31:57.168035: I tensorflow/core/common_runtime/placer.cc:1059] gradients/Mean_grad/Shape: (Shape)/job:localhost/replica:0/task:0/device:GPU:0
2022-05-11 14:31:57.168053: I tensorflow/core/common_runtime/placer.cc:1059] gradients/Mean_grad/Tile: (Tile)/job:localhost/replica:0/task:0/device:GPU:0
2022-05-11 14:31:57.168072: I tensorflow/core/common_runtime/placer.cc:1059] gradients/Mean_grad/Shape_1: (Shape)/job:localhost/replica:0/task:0/device:GPU:0
2022-05-11 14:31:57.168093: I tensorflow/core/common_runtime/placer.cc:1059] gradients/Mean_grad/Prod: (Prod)/job:localhost/replica:0/task:0/device:GPU:0
2022-05-11 14:31:57.174820: I tensorflow/core/common_runtime/placer.cc:1059] gradients/Mean_grad/Prod_1: (Prod)/job:localhost/replica:0/task:0/device:GPU:0
2022-05-11 14:31:57.174842: I tensorflow/core/common_runtime/placer.cc:1059] gradients/Mean_grad/Maximum: (Maximum)/job:localhost/replica:0/task:0/device:GPU:0
2022-05-11 14:31:57.174860: I tensorflow/core/common_runtime/placer.cc:1059] gradients/Mean_grad/floordiv: (FloorDiv)/job:localhost/replica:0/task:0/device:GPU:0
2022-05-11 14:31:57.174879: I tensorflow/core/common_runtime/placer.cc:1059] gradients/Mean_grad/Cast: (Cast)/job:localhost/replica:0/task:0/device:GPU:0
2022-05-11 14:31:57.174897: I tensorflow/core/common_runtime/placer.cc:1059] gradients/Mean_grad/truediv: (RealDiv)/job:localhost/replica:0/task:0/device:GPU:0
2022-05-11 14:31:57.174915: I tensorflow/core/common_runtime/placer.cc:1059] gradients/softmax_cross_entropy_with_logits_sg/Reshape_2_grad/Shape: (Shape)/job:localhost/replica:0/task:0/device:GPU:0
2022-05-11 14:31:57.174933: I tensorflow/core/common_runtime/placer.cc:1059] gradients/softmax_cross_entropy_with_logits_sg/Reshape_2_grad/Reshape: (Reshape)/job:localhost/replica:0/task:0/device:GPU:0
2022-05-11 14:31:57.174952: I tensorflow/core/common_runtime/placer.cc:1059] gradients/zeros_like: (ZerosLike)/job:localhost/replica:0/task:0/device:GPU:0
2022-05-11 14:31:57.174970: I tensorflow/core/common_runtime/placer.cc:1059] gradients/softmax_cross_entropy_with_logits_sg_grad/ExpandDims: (ExpandDims)/job:localhost/replica:0/task:0/device:GPU:0
2022-05-11 14:31:57.174988: I tensorflow/core/common_runtime/placer.cc:1059] gradients/softmax_cross_entropy_with_logits_sg_grad/mul: (Mul)/job:localhost/replica:0/task:0/device:GPU:0
2022-05-11 14:31:57.175006: I tensorflow/core/common_runtime/placer.cc:1059] gradients/softmax_cross_entropy_with_logits_sg_grad/LogSoftmax: (LogSoftmax)/job:localhost/replica:0/task:0/device:GPU:0
2022-05-11 14:31:57.175024: I tensorflow/core/common_runtime/placer.cc:1059] gradients/softmax_cross_entropy_with_logits_sg_grad/Neg: (Neg)/job:localhost/replica:0/task:0/device:GPU:0
2022-05-11 14:31:57.175043: I tensorflow/core/common_runtime/placer.cc:1059] gradients/softmax_cross_entropy_with_logits_sg_grad/ExpandDims_1: (ExpandDims)/job:localhost/replica:0/task:0/device:GPU:0
2022-05-11 14:31:57.175060: I tensorflow/core/common_runtime/placer.cc:1059] gradients/softmax_cross_entropy_with_logits_sg_grad/mul_1: (Mul)/job:localhost/replica:0/task:0/device:GPU:0
2022-05-11 14:31:57.175078: I tensorflow/core/common_runtime/placer.cc:1059] gradients/softmax_cross_entropy_with_logits_sg_grad/tuple/group_deps: (NoOp)/job:localhost/replica:0/task:0/device:GPU:0
2022-05-11 14:31:57.175090: I tensorflow/core/common_runtime/placer.cc:1059] gradients/softmax_cross_entropy_with_logits_sg_grad/tuple/control_dependency: (Identity)/job:localhost/replica:0/task:0/device:GPU:0
2022-05-11 14:31:57.175102: I tensorflow/core/common_runtime/placer.cc:1059] gradients/softmax_cross_entropy_with_logits_sg_grad/tuple/control_dependency_1: (Identity)/job:localhost/replica:0/task:0/device:GPU:0
2022-05-11 14:31:57.175120: I tensorflow/core/common_runtime/placer.cc:1059] gradients/softmax_cross_entropy_with_logits_sg/Reshape_grad/Shape: (Shape)/job:localhost/replica:0/task:0/device:GPU:0
2022-05-11 14:31:57.175138: I tensorflow/core/common_runtime/placer.cc:1059] gradients/softmax_cross_entropy_with_logits_sg/Reshape_grad/Reshape: (Reshape)/job:localhost/replica:0/task:0/device:GPU:0
2022-05-11 14:31:57.175156: I tensorflow/core/common_runtime/placer.cc:1059] gradients/add_3_grad/Shape: (Shape)/job:localhost/replica:0/task:0/device:GPU:0
2022-05-11 14:31:57.175174: I tensorflow/core/common_runtime/placer.cc:1059] gradients/add_3_grad/BroadcastGradientArgs: (BroadcastGradientArgs)/job:localhost/replica:0/task:0/device:GPU:0
2022-05-11 14:31:57.175192: I tensorflow/core/common_runtime/placer.cc:1059] gradients/add_3_grad/Sum: (Sum)/job:localhost/replica:0/task:0/device:GPU:0
2022-05-11 14:31:57.175210: I tensorflow/core/common_runtime/placer.cc:1059] gradients/add_3_grad/Reshape: (Reshape)/job:localhost/replica:0/task:0/device:GPU:0
2022-05-11 14:31:57.175228: I tensorflow/core/common_runtime/placer.cc:1059] gradients/add_3_grad/Sum_1: (Sum)/job:localhost/replica:0/task:0/device:GPU:0
2022-05-11 14:31:57.175246: I tensorflow/core/common_runtime/placer.cc:1059] gradients/add_3_grad/Reshape_1: (Reshape)/job:localhost/replica:0/task:0/device:GPU:0
2022-05-11 14:31:57.175265: I tensorflow/core/common_runtime/placer.cc:1059] gradients/add_3_grad/tuple/group_deps: (NoOp)/job:localhost/replica:0/task:0/device:GPU:0
2022-05-11 14:31:57.175276: I tensorflow/core/common_runtime/placer.cc:1059] gradients/add_3_grad/tuple/control_dependency: (Identity)/job:localhost/replica:0/task:0/device:GPU:0
2022-05-11 14:31:57.175288: I tensorflow/core/common_runtime/placer.cc:1059] gradients/add_3_grad/tuple/control_dependency_1: (Identity)/job:localhost/replica:0/task:0/device:GPU:0
2022-05-11 14:31:57.175306: I tensorflow/core/common_runtime/placer.cc:1059] gradients/MatMul_1_grad/MatMul: (MatMul)/job:localhost/replica:0/task:0/device:GPU:0
2022-05-11 14:31:57.175324: I tensorflow/core/common_runtime/placer.cc:1059] gradients/MatMul_1_grad/MatMul_1: (MatMul)/job:localhost/replica:0/task:0/device:GPU:0
2022-05-11 14:31:57.175342: I tensorflow/core/common_runtime/placer.cc:1059] gradients/MatMul_1_grad/tuple/group_deps: (NoOp)/job:localhost/replica:0/task:0/device:GPU:0
2022-05-11 14:31:57.175354: I tensorflow/core/common_runtime/placer.cc:1059] gradients/MatMul_1_grad/tuple/control_dependency: (Identity)/job:localhost/replica:0/task:0/device:GPU:0
2022-05-11 14:31:57.175365: I tensorflow/core/common_runtime/placer.cc:1059] gradients/MatMul_1_grad/tuple/control_dependency_1: (Identity)/job:localhost/replica:0/task:0/device:GPU:0
2022-05-11 14:31:57.175383: I tensorflow/core/common_runtime/placer.cc:1059] gradients/dropout/mul_grad/Shape: (Shape)/job:localhost/replica:0/task:0/device:GPU:0
2022-05-11 14:31:57.175401: I tensorflow/core/common_runtime/placer.cc:1059] gradients/dropout/mul_grad/Shape_1: (Shape)/job:localhost/replica:0/task:0/device:GPU:0
2022-05-11 14:31:57.175419: I tensorflow/core/common_runtime/placer.cc:1059] gradients/dropout/mul_grad/BroadcastGradientArgs: (BroadcastGradientArgs)/job:localhost/replica:0/task:0/device:GPU:0
2022-05-11 14:31:57.175437: I tensorflow/core/common_runtime/placer.cc:1059] gradients/dropout/mul_grad/Mul: (Mul)/job:localhost/replica:0/task:0/device:GPU:0
2022-05-11 14:31:57.175455: I tensorflow/core/common_runtime/placer.cc:1059] gradients/dropout/mul_grad/Sum: (Sum)/job:localhost/replica:0/task:0/device:GPU:0
2022-05-11 14:31:57.175473: I tensorflow/core/common_runtime/placer.cc:1059] gradients/dropout/mul_grad/Reshape: (Reshape)/job:localhost/replica:0/task:0/device:GPU:0
2022-05-11 14:31:57.175490: I tensorflow/core/common_runtime/placer.cc:1059] gradients/dropout/mul_grad/Mul_1: (Mul)/job:localhost/replica:0/task:0/device:GPU:0
2022-05-11 14:31:57.175508: I tensorflow/core/common_runtime/placer.cc:1059] gradients/dropout/mul_grad/Sum_1: (Sum)/job:localhost/replica:0/task:0/device:GPU:0
2022-05-11 14:31:57.175526: I tensorflow/core/common_runtime/placer.cc:1059] gradients/dropout/mul_grad/Reshape_1: (Reshape)/job:localhost/replica:0/task:0/device:GPU:0
2022-05-11 14:31:57.175544: I tensorflow/core/common_runtime/placer.cc:1059] gradients/dropout/mul_grad/tuple/group_deps: (NoOp)/job:localhost/replica:0/task:0/device:GPU:0
2022-05-11 14:31:57.175555: I tensorflow/core/common_runtime/placer.cc:1059] gradients/dropout/mul_grad/tuple/control_dependency: (Identity)/job:localhost/replica:0/task:0/device:GPU:0
2022-05-11 14:31:57.175567: I tensorflow/core/common_runtime/placer.cc:1059] gradients/dropout/mul_grad/tuple/control_dependency_1: (Identity)/job:localhost/replica:0/task:0/device:GPU:0
2022-05-11 14:31:57.175584: I tensorflow/core/common_runtime/placer.cc:1059] gradients/dropout/truediv_grad/Shape: (Shape)/job:localhost/replica:0/task:0/device:GPU:0
2022-05-11 14:31:57.175603: I tensorflow/core/common_runtime/placer.cc:1059] gradients/dropout/truediv_grad/Shape_1: (Shape)/job:localhost/replica:0/task:0/device:GPU:0
2022-05-11 14:31:57.175621: I tensorflow/core/common_runtime/placer.cc:1059] gradients/dropout/truediv_grad/BroadcastGradientArgs: (BroadcastGradientArgs)/job:localhost/replica:0/task:0/device:GPU:0
2022-05-11 14:31:57.175639: I tensorflow/core/common_runtime/placer.cc:1059] gradients/dropout/truediv_grad/RealDiv: (RealDiv)/job:localhost/replica:0/task:0/device:GPU:0
2022-05-11 14:31:57.175657: I tensorflow/core/common_runtime/placer.cc:1059] gradients/dropout/truediv_grad/Sum: (Sum)/job:localhost/replica:0/task:0/device:GPU:0
2022-05-11 14:31:57.175674: I tensorflow/core/common_runtime/placer.cc:1059] gradients/dropout/truediv_grad/Reshape: (Reshape)/job:localhost/replica:0/task:0/device:GPU:0
2022-05-11 14:31:57.175692: I tensorflow/core/common_runtime/placer.cc:1059] gradients/dropout/truediv_grad/Neg: (Neg)/job:localhost/replica:0/task:0/device:GPU:0
2022-05-11 14:31:57.175710: I tensorflow/core/common_runtime/placer.cc:1059] gradients/dropout/truediv_grad/RealDiv_1: (RealDiv)/job:localhost/replica:0/task:0/device:GPU:0
2022-05-11 14:31:57.175727: I tensorflow/core/common_runtime/placer.cc:1059] gradients/dropout/truediv_grad/RealDiv_2: (RealDiv)/job:localhost/replica:0/task:0/device:GPU:0
2022-05-11 14:31:57.175745: I tensorflow/core/common_runtime/placer.cc:1059] gradients/dropout/truediv_grad/mul: (Mul)/job:localhost/replica:0/task:0/device:GPU:0
2022-05-11 14:31:57.175763: I tensorflow/core/common_runtime/placer.cc:1059] gradients/dropout/truediv_grad/Sum_1: (Sum)/job:localhost/replica:0/task:0/device:GPU:0
2022-05-11 14:31:57.175781: I tensorflow/core/common_runtime/placer.cc:1059] gradients/dropout/truediv_grad/Reshape_1: (Reshape)/job:localhost/replica:0/task:0/device:GPU:0
2022-05-11 14:31:57.175798: I tensorflow/core/common_runtime/placer.cc:1059] gradients/dropout/truediv_grad/tuple/group_deps: (NoOp)/job:localhost/replica:0/task:0/device:GPU:0
2022-05-11 14:31:57.175810: I tensorflow/core/common_runtime/placer.cc:1059] gradients/dropout/truediv_grad/tuple/control_dependency: (Identity)/job:localhost/replica:0/task:0/device:GPU:0
2022-05-11 14:31:57.175822: I tensorflow/core/common_runtime/placer.cc:1059] gradients/dropout/truediv_grad/tuple/control_dependency_1: (Identity)/job:localhost/replica:0/task:0/device:GPU:0
2022-05-11 14:31:57.175840: I tensorflow/core/common_runtime/placer.cc:1059] gradients/Relu_2_grad/ReluGrad: (ReluGrad)/job:localhost/replica:0/task:0/device:GPU:0
2022-05-11 14:31:57.175858: I tensorflow/core/common_runtime/placer.cc:1059] gradients/add_2_grad/Shape: (Shape)/job:localhost/replica:0/task:0/device:GPU:0
2022-05-11 14:31:57.175876: I tensorflow/core/common_runtime/placer.cc:1059] gradients/add_2_grad/BroadcastGradientArgs: (BroadcastGradientArgs)/job:localhost/replica:0/task:0/device:GPU:0
2022-05-11 14:31:57.175894: I tensorflow/core/common_runtime/placer.cc:1059] gradients/add_2_grad/Sum: (Sum)/job:localhost/replica:0/task:0/device:GPU:0
2022-05-11 14:31:57.175912: I tensorflow/core/common_runtime/placer.cc:1059] gradients/add_2_grad/Reshape: (Reshape)/job:localhost/replica:0/task:0/device:GPU:0
2022-05-11 14:31:57.175929: I tensorflow/core/common_runtime/placer.cc:1059] gradients/add_2_grad/Sum_1: (Sum)/job:localhost/replica:0/task:0/device:GPU:0
2022-05-11 14:31:57.175947: I tensorflow/core/common_runtime/placer.cc:1059] gradients/add_2_grad/Reshape_1: (Reshape)/job:localhost/replica:0/task:0/device:GPU:0
2022-05-11 14:31:57.175965: I tensorflow/core/common_runtime/placer.cc:1059] gradients/add_2_grad/tuple/group_deps: (NoOp)/job:localhost/replica:0/task:0/device:GPU:0
2022-05-11 14:31:57.175977: I tensorflow/core/common_runtime/placer.cc:1059] gradients/add_2_grad/tuple/control_dependency: (Identity)/job:localhost/replica:0/task:0/device:GPU:0
2022-05-11 14:31:57.175988: I tensorflow/core/common_runtime/placer.cc:1059] gradients/add_2_grad/tuple/control_dependency_1: (Identity)/job:localhost/replica:0/task:0/device:GPU:0
2022-05-11 14:31:57.176006: I tensorflow/core/common_runtime/placer.cc:1059] gradients/MatMul_grad/MatMul: (MatMul)/job:localhost/replica:0/task:0/device:GPU:0
2022-05-11 14:31:57.176024: I tensorflow/core/common_runtime/placer.cc:1059] gradients/MatMul_grad/MatMul_1: (MatMul)/job:localhost/replica:0/task:0/device:GPU:0
2022-05-11 14:31:57.176042: I tensorflow/core/common_runtime/placer.cc:1059] gradients/MatMul_grad/tuple/group_deps: (NoOp)/job:localhost/replica:0/task:0/device:GPU:0
2022-05-11 14:31:57.176054: I tensorflow/core/common_runtime/placer.cc:1059] gradients/MatMul_grad/tuple/control_dependency: (Identity)/job:localhost/replica:0/task:0/device:GPU:0
2022-05-11 14:31:57.176065: I tensorflow/core/common_runtime/placer.cc:1059] gradients/MatMul_grad/tuple/control_dependency_1: (Identity)/job:localhost/replica:0/task:0/device:GPU:0
2022-05-11 14:31:57.176083: I tensorflow/core/common_runtime/placer.cc:1059] gradients/Reshape_1_grad/Shape: (Shape)/job:localhost/replica:0/task:0/device:GPU:0
2022-05-11 14:31:57.176101: I tensorflow/core/common_runtime/placer.cc:1059] gradients/Reshape_1_grad/Reshape: (Reshape)/job:localhost/replica:0/task:0/device:GPU:0
2022-05-11 14:31:57.176119: I tensorflow/core/common_runtime/placer.cc:1059] gradients/MaxPool_1_grad/MaxPoolGrad: (MaxPoolGrad)/job:localhost/replica:0/task:0/device:GPU:0
2022-05-11 14:31:57.176137: I tensorflow/core/common_runtime/placer.cc:1059] gradients/Relu_1_grad/ReluGrad: (ReluGrad)/job:localhost/replica:0/task:0/device:GPU:0
2022-05-11 14:31:57.176155: I tensorflow/core/common_runtime/placer.cc:1059] gradients/add_1_grad/Shape: (Shape)/job:localhost/replica:0/task:0/device:GPU:0
2022-05-11 14:31:57.176173: I tensorflow/core/common_runtime/placer.cc:1059] gradients/add_1_grad/BroadcastGradientArgs: (BroadcastGradientArgs)/job:localhost/replica:0/task:0/device:GPU:0
2022-05-11 14:31:57.176191: I tensorflow/core/common_runtime/placer.cc:1059] gradients/add_1_grad/Sum: (Sum)/job:localhost/replica:0/task:0/device:GPU:0
2022-05-11 14:31:57.176209: I tensorflow/core/common_runtime/placer.cc:1059] gradients/add_1_grad/Reshape: (Reshape)/job:localhost/replica:0/task:0/device:GPU:0
2022-05-11 14:31:57.176234: I tensorflow/core/common_runtime/placer.cc:1059] gradients/add_1_grad/Sum_1: (Sum)/job:localhost/replica:0/task:0/device:GPU:0
2022-05-11 14:31:57.176252: I tensorflow/core/common_runtime/placer.cc:1059] gradients/add_1_grad/Reshape_1: (Reshape)/job:localhost/replica:0/task:0/device:GPU:0
2022-05-11 14:31:57.176270: I tensorflow/core/common_runtime/placer.cc:1059] gradients/add_1_grad/tuple/group_deps: (NoOp)/job:localhost/replica:0/task:0/device:GPU:0
2022-05-11 14:31:57.176282: I tensorflow/core/common_runtime/placer.cc:1059] gradients/add_1_grad/tuple/control_dependency: (Identity)/job:localhost/replica:0/task:0/device:GPU:0
2022-05-11 14:31:57.176294: I tensorflow/core/common_runtime/placer.cc:1059] gradients/add_1_grad/tuple/control_dependency_1: (Identity)/job:localhost/replica:0/task:0/device:GPU:0
2022-05-11 14:31:57.176311: I tensorflow/core/common_runtime/placer.cc:1059] gradients/Conv2D_1_grad/ShapeN: (ShapeN)/job:localhost/replica:0/task:0/device:GPU:0
2022-05-11 14:31:57.176329: I tensorflow/core/common_runtime/placer.cc:1059] gradients/Conv2D_1_grad/Conv2DBackpropInput: (Conv2DBackpropInput)/job:localhost/replica:0/task:0/device:GPU:0
2022-05-11 14:31:57.176347: I tensorflow/core/common_runtime/placer.cc:1059] gradients/Conv2D_1_grad/Conv2DBackpropFilter: (Conv2DBackpropFilter)/job:localhost/replica:0/task:0/device:GPU:0
2022-05-11 14:31:57.176365: I tensorflow/core/common_runtime/placer.cc:1059] gradients/Conv2D_1_grad/tuple/group_deps: (NoOp)/job:localhost/replica:0/task:0/device:GPU:0
2022-05-11 14:31:57.176377: I tensorflow/core/common_runtime/placer.cc:1059] gradients/Conv2D_1_grad/tuple/control_dependency: (Identity)/job:localhost/replica:0/task:0/device:GPU:0
2022-05-11 14:31:57.176389: I tensorflow/core/common_runtime/placer.cc:1059] gradients/Conv2D_1_grad/tuple/control_dependency_1: (Identity)/job:localhost/replica:0/task:0/device:GPU:0
2022-05-11 14:31:57.176407: I tensorflow/core/common_runtime/placer.cc:1059] gradients/MaxPool_grad/MaxPoolGrad: (MaxPoolGrad)/job:localhost/replica:0/task:0/device:GPU:0
2022-05-11 14:31:57.176424: I tensorflow/core/common_runtime/placer.cc:1059] gradients/Relu_grad/ReluGrad: (ReluGrad)/job:localhost/replica:0/task:0/device:GPU:0
2022-05-11 14:31:57.176442: I tensorflow/core/common_runtime/placer.cc:1059] gradients/add_grad/Shape: (Shape)/job:localhost/replica:0/task:0/device:GPU:0
2022-05-11 14:31:57.176460: I tensorflow/core/common_runtime/placer.cc:1059] gradients/add_grad/BroadcastGradientArgs: (BroadcastGradientArgs)/job:localhost/replica:0/task:0/device:GPU:0
2022-05-11 14:31:57.176478: I tensorflow/core/common_runtime/placer.cc:1059] gradients/add_grad/Sum: (Sum)/job:localhost/replica:0/task:0/device:GPU:0
2022-05-11 14:31:57.176495: I tensorflow/core/common_runtime/placer.cc:1059] gradients/add_grad/Reshape: (Reshape)/job:localhost/replica:0/task:0/device:GPU:0
2022-05-11 14:31:57.176513: I tensorflow/core/common_runtime/placer.cc:1059] gradients/add_grad/Sum_1: (Sum)/job:localhost/replica:0/task:0/device:GPU:0
2022-05-11 14:31:57.176531: I tensorflow/core/common_runtime/placer.cc:1059] gradients/add_grad/Reshape_1: (Reshape)/job:localhost/replica:0/task:0/device:GPU:0
2022-05-11 14:31:57.176549: I tensorflow/core/common_runtime/placer.cc:1059] gradients/add_grad/tuple/group_deps: (NoOp)/job:localhost/replica:0/task:0/device:GPU:0
2022-05-11 14:31:57.176560: I tensorflow/core/common_runtime/placer.cc:1059] gradients/add_grad/tuple/control_dependency: (Identity)/job:localhost/replica:0/task:0/device:GPU:0
2022-05-11 14:31:57.176572: I tensorflow/core/common_runtime/placer.cc:1059] gradients/add_grad/tuple/control_dependency_1: (Identity)/job:localhost/replica:0/task:0/device:GPU:0
2022-05-11 14:31:57.176590: I tensorflow/core/common_runtime/placer.cc:1059] gradients/Conv2D_grad/ShapeN: (ShapeN)/job:localhost/replica:0/task:0/device:GPU:0
2022-05-11 14:31:57.176607: I tensorflow/core/common_runtime/placer.cc:1059] gradients/Conv2D_grad/Conv2DBackpropInput: (Conv2DBackpropInput)/job:localhost/replica:0/task:0/device:GPU:0
2022-05-11 14:31:57.176625: I tensorflow/core/common_runtime/placer.cc:1059] gradients/Conv2D_grad/Conv2DBackpropFilter: (Conv2DBackpropFilter)/job:localhost/replica:0/task:0/device:GPU:0
2022-05-11 14:31:57.176642: I tensorflow/core/common_runtime/placer.cc:1059] gradients/Conv2D_grad/tuple/group_deps: (NoOp)/job:localhost/replica:0/task:0/device:GPU:0
2022-05-11 14:31:57.176654: I tensorflow/core/common_runtime/placer.cc:1059] gradients/Conv2D_grad/tuple/control_dependency: (Identity)/job:localhost/replica:0/task:0/device:GPU:0
2022-05-11 14:31:57.176666: I tensorflow/core/common_runtime/placer.cc:1059] gradients/Conv2D_grad/tuple/control_dependency_1: (Identity)/job:localhost/replica:0/task:0/device:GPU:0
2022-05-11 14:31:57.176677: I tensorflow/core/common_runtime/placer.cc:1059] beta1_power: (VariableV2)/job:localhost/replica:0/task:0/device:GPU:0
2022-05-11 14:31:57.176689: I tensorflow/core/common_runtime/placer.cc:1059] beta1_power/Assign: (Assign)/job:localhost/replica:0/task:0/device:GPU:0
2022-05-11 14:31:57.176700: I tensorflow/core/common_runtime/placer.cc:1059] beta1_power/read: (Identity)/job:localhost/replica:0/task:0/device:GPU:0
2022-05-11 14:31:57.176712: I tensorflow/core/common_runtime/placer.cc:1059] beta2_power: (VariableV2)/job:localhost/replica:0/task:0/device:GPU:0
2022-05-11 14:31:57.176723: I tensorflow/core/common_runtime/placer.cc:1059] beta2_power/Assign: (Assign)/job:localhost/replica:0/task:0/device:GPU:0
2022-05-11 14:31:57.176734: I tensorflow/core/common_runtime/placer.cc:1059] beta2_power/read: (Identity)/job:localhost/replica:0/task:0/device:GPU:0
2022-05-11 14:31:57.176746: I tensorflow/core/common_runtime/placer.cc:1059] Variable_1/Adam: (VariableV2)/job:localhost/replica:0/task:0/device:GPU:0
2022-05-11 14:31:57.176757: I tensorflow/core/common_runtime/placer.cc:1059] Variable_1/Adam/Assign: (Assign)/job:localhost/replica:0/task:0/device:GPU:0
2022-05-11 14:31:57.176769: I tensorflow/core/common_runtime/placer.cc:1059] Variable_1/Adam/read: (Identity)/job:localhost/replica:0/task:0/device:GPU:0
2022-05-11 14:31:57.176780: I tensorflow/core/common_runtime/placer.cc:1059] Variable_1/Adam_1: (VariableV2)/job:localhost/replica:0/task:0/device:GPU:0
2022-05-11 14:31:57.176791: I tensorflow/core/common_runtime/placer.cc:1059] Variable_1/Adam_1/Assign: (Assign)/job:localhost/replica:0/task:0/device:GPU:0
2022-05-11 14:31:57.176803: I tensorflow/core/common_runtime/placer.cc:1059] Variable_1/Adam_1/read: (Identity)/job:localhost/replica:0/task:0/device:GPU:0
2022-05-11 14:31:57.176814: I tensorflow/core/common_runtime/placer.cc:1059] Variable_2/Adam: (VariableV2)/job:localhost/replica:0/task:0/device:GPU:0
2022-05-11 14:31:57.176826: I tensorflow/core/common_runtime/placer.cc:1059] Variable_2/Adam/Assign: (Assign)/job:localhost/replica:0/task:0/device:GPU:0
2022-05-11 14:31:57.176837: I tensorflow/core/common_runtime/placer.cc:1059] Variable_2/Adam/read: (Identity)/job:localhost/replica:0/task:0/device:GPU:0
2022-05-11 14:31:57.176848: I tensorflow/core/common_runtime/placer.cc:1059] Variable_2/Adam_1: (VariableV2)/job:localhost/replica:0/task:0/device:GPU:0
2022-05-11 14:31:57.176860: I tensorflow/core/common_runtime/placer.cc:1059] Variable_2/Adam_1/Assign: (Assign)/job:localhost/replica:0/task:0/device:GPU:0
2022-05-11 14:31:57.176871: I tensorflow/core/common_runtime/placer.cc:1059] Variable_2/Adam_1/read: (Identity)/job:localhost/replica:0/task:0/device:GPU:0
2022-05-11 14:31:57.176883: I tensorflow/core/common_runtime/placer.cc:1059] Variable_3/Adam/Initializer/zeros: (Fill)/job:localhost/replica:0/task:0/device:GPU:0
2022-05-11 14:31:57.176894: I tensorflow/core/common_runtime/placer.cc:1059] Variable_3/Adam: (VariableV2)/job:localhost/replica:0/task:0/device:GPU:0
2022-05-11 14:31:57.176905: I tensorflow/core/common_runtime/placer.cc:1059] Variable_3/Adam/Assign: (Assign)/job:localhost/replica:0/task:0/device:GPU:0
2022-05-11 14:31:57.176917: I tensorflow/core/common_runtime/placer.cc:1059] Variable_3/Adam/read: (Identity)/job:localhost/replica:0/task:0/device:GPU:0
2022-05-11 14:31:57.176928: I tensorflow/core/common_runtime/placer.cc:1059] Variable_3/Adam_1/Initializer/zeros: (Fill)/job:localhost/replica:0/task:0/device:GPU:0
2022-05-11 14:31:57.176939: I tensorflow/core/common_runtime/placer.cc:1059] Variable_3/Adam_1: (VariableV2)/job:localhost/replica:0/task:0/device:GPU:0
2022-05-11 14:31:57.176951: I tensorflow/core/common_runtime/placer.cc:1059] Variable_3/Adam_1/Assign: (Assign)/job:localhost/replica:0/task:0/device:GPU:0
2022-05-11 14:31:57.176962: I tensorflow/core/common_runtime/placer.cc:1059] Variable_3/Adam_1/read: (Identity)/job:localhost/replica:0/task:0/device:GPU:0
2022-05-11 14:31:57.176974: I tensorflow/core/common_runtime/placer.cc:1059] Variable_4/Adam: (VariableV2)/job:localhost/replica:0/task:0/device:GPU:0
2022-05-11 14:31:57.176986: I tensorflow/core/common_runtime/placer.cc:1059] Variable_4/Adam/Assign: (Assign)/job:localhost/replica:0/task:0/device:GPU:0
2022-05-11 14:31:57.176997: I tensorflow/core/common_runtime/placer.cc:1059] Variable_4/Adam/read: (Identity)/job:localhost/replica:0/task:0/device:GPU:0
2022-05-11 14:31:57.177009: I tensorflow/core/common_runtime/placer.cc:1059] Variable_4/Adam_1: (VariableV2)/job:localhost/replica:0/task:0/device:GPU:0
2022-05-11 14:31:57.177020: I tensorflow/core/common_runtime/placer.cc:1059] Variable_4/Adam_1/Assign: (Assign)/job:localhost/replica:0/task:0/device:GPU:0
2022-05-11 14:31:57.177031: I tensorflow/core/common_runtime/placer.cc:1059] Variable_4/Adam_1/read: (Identity)/job:localhost/replica:0/task:0/device:GPU:0
2022-05-11 14:31:57.177043: I tensorflow/core/common_runtime/placer.cc:1059] Variable_5/Adam/Initializer/zeros: (Fill)/job:localhost/replica:0/task:0/device:GPU:0
2022-05-11 14:31:57.177054: I tensorflow/core/common_runtime/placer.cc:1059] Variable_5/Adam: (VariableV2)/job:localhost/replica:0/task:0/device:GPU:0
2022-05-11 14:31:57.177066: I tensorflow/core/common_runtime/placer.cc:1059] Variable_5/Adam/Assign: (Assign)/job:localhost/replica:0/task:0/device:GPU:0
2022-05-11 14:31:57.177077: I tensorflow/core/common_runtime/placer.cc:1059] Variable_5/Adam/read: (Identity)/job:localhost/replica:0/task:0/device:GPU:0
2022-05-11 14:31:57.177089: I tensorflow/core/common_runtime/placer.cc:1059] Variable_5/Adam_1/Initializer/zeros: (Fill)/job:localhost/replica:0/task:0/device:GPU:0
2022-05-11 14:31:57.177100: I tensorflow/core/common_runtime/placer.cc:1059] Variable_5/Adam_1: (VariableV2)/job:localhost/replica:0/task:0/device:GPU:0
2022-05-11 14:31:57.177111: I tensorflow/core/common_runtime/placer.cc:1059] Variable_5/Adam_1/Assign: (Assign)/job:localhost/replica:0/task:0/device:GPU:0
2022-05-11 14:31:57.177122: I tensorflow/core/common_runtime/placer.cc:1059] Variable_5/Adam_1/read: (Identity)/job:localhost/replica:0/task:0/device:GPU:0
2022-05-11 14:31:57.177134: I tensorflow/core/common_runtime/placer.cc:1059] Variable_6/Adam/Initializer/zeros: (Fill)/job:localhost/replica:0/task:0/device:GPU:0
2022-05-11 14:31:57.177145: I tensorflow/core/common_runtime/placer.cc:1059] Variable_6/Adam: (VariableV2)/job:localhost/replica:0/task:0/device:GPU:0
2022-05-11 14:31:57.177157: I tensorflow/core/common_runtime/placer.cc:1059] Variable_6/Adam/Assign: (Assign)/job:localhost/replica:0/task:0/device:GPU:0
2022-05-11 14:31:57.177168: I tensorflow/core/common_runtime/placer.cc:1059] Variable_6/Adam/read: (Identity)/job:localhost/replica:0/task:0/device:GPU:0
2022-05-11 14:31:57.177179: I tensorflow/core/common_runtime/placer.cc:1059] Variable_6/Adam_1/Initializer/zeros: (Fill)/job:localhost/replica:0/task:0/device:GPU:0
2022-05-11 14:31:57.177191: I tensorflow/core/common_runtime/placer.cc:1059] Variable_6/Adam_1: (VariableV2)/job:localhost/replica:0/task:0/device:GPU:0
2022-05-11 14:31:57.177202: I tensorflow/core/common_runtime/placer.cc:1059] Variable_6/Adam_1/Assign: (Assign)/job:localhost/replica:0/task:0/device:GPU:0
2022-05-11 14:31:57.177213: I tensorflow/core/common_runtime/placer.cc:1059] Variable_6/Adam_1/read: (Identity)/job:localhost/replica:0/task:0/device:GPU:0
2022-05-11 14:31:57.177225: I tensorflow/core/common_runtime/placer.cc:1059] Variable_7/Adam/Initializer/zeros: (Fill)/job:localhost/replica:0/task:0/device:GPU:0
2022-05-11 14:31:57.177236: I tensorflow/core/common_runtime/placer.cc:1059] Variable_7/Adam: (VariableV2)/job:localhost/replica:0/task:0/device:GPU:0
2022-05-11 14:31:57.177248: I tensorflow/core/common_runtime/placer.cc:1059] Variable_7/Adam/Assign: (Assign)/job:localhost/replica:0/task:0/device:GPU:0
2022-05-11 14:31:57.177259: I tensorflow/core/common_runtime/placer.cc:1059] Variable_7/Adam/read: (Identity)/job:localhost/replica:0/task:0/device:GPU:0
2022-05-11 14:31:57.177270: I tensorflow/core/common_runtime/placer.cc:1059] Variable_7/Adam_1/Initializer/zeros: (Fill)/job:localhost/replica:0/task:0/device:GPU:0
2022-05-11 14:31:57.177282: I tensorflow/core/common_runtime/placer.cc:1059] Variable_7/Adam_1: (VariableV2)/job:localhost/replica:0/task:0/device:GPU:0
2022-05-11 14:31:57.177293: I tensorflow/core/common_runtime/placer.cc:1059] Variable_7/Adam_1/Assign: (Assign)/job:localhost/replica:0/task:0/device:GPU:0
2022-05-11 14:31:57.177304: I tensorflow/core/common_runtime/placer.cc:1059] Variable_7/Adam_1/read: (Identity)/job:localhost/replica:0/task:0/device:GPU:0
2022-05-11 14:31:57.177316: I tensorflow/core/common_runtime/placer.cc:1059] Variable_8/Adam: (VariableV2)/job:localhost/replica:0/task:0/device:GPU:0
2022-05-11 14:31:57.177327: I tensorflow/core/common_runtime/placer.cc:1059] Variable_8/Adam/Assign: (Assign)/job:localhost/replica:0/task:0/device:GPU:0
2022-05-11 14:31:57.177338: I tensorflow/core/common_runtime/placer.cc:1059] Variable_8/Adam/read: (Identity)/job:localhost/replica:0/task:0/device:GPU:0
2022-05-11 14:31:57.177350: I tensorflow/core/common_runtime/placer.cc:1059] Variable_8/Adam_1: (VariableV2)/job:localhost/replica:0/task:0/device:GPU:0
2022-05-11 14:31:57.177361: I tensorflow/core/common_runtime/placer.cc:1059] Variable_8/Adam_1/Assign: (Assign)/job:localhost/replica:0/task:0/device:GPU:0
2022-05-11 14:31:57.177372: I tensorflow/core/common_runtime/placer.cc:1059] Variable_8/Adam_1/read: (Identity)/job:localhost/replica:0/task:0/device:GPU:0
2022-05-11 14:31:57.177384: I tensorflow/core/common_runtime/placer.cc:1059] Adam/update_Variable_1/ApplyAdam: (ApplyAdam)/job:localhost/replica:0/task:0/device:GPU:0
2022-05-11 14:31:57.177396: I tensorflow/core/common_runtime/placer.cc:1059] Adam/update_Variable_2/ApplyAdam: (ApplyAdam)/job:localhost/replica:0/task:0/device:GPU:0
2022-05-11 14:31:57.177407: I tensorflow/core/common_runtime/placer.cc:1059] Adam/update_Variable_3/ApplyAdam: (ApplyAdam)/job:localhost/replica:0/task:0/device:GPU:0
2022-05-11 14:31:57.177418: I tensorflow/core/common_runtime/placer.cc:1059] Adam/update_Variable_4/ApplyAdam: (ApplyAdam)/job:localhost/replica:0/task:0/device:GPU:0
2022-05-11 14:31:57.177430: I tensorflow/core/common_runtime/placer.cc:1059] Adam/update_Variable_5/ApplyAdam: (ApplyAdam)/job:localhost/replica:0/task:0/device:GPU:0
2022-05-11 14:31:57.177441: I tensorflow/core/common_runtime/placer.cc:1059] Adam/update_Variable_6/ApplyAdam: (ApplyAdam)/job:localhost/replica:0/task:0/device:GPU:0
2022-05-11 14:31:57.177459: I tensorflow/core/common_runtime/placer.cc:1059] Adam/update_Variable_7/ApplyAdam: (ApplyAdam)/job:localhost/replica:0/task:0/device:GPU:0
2022-05-11 14:31:57.177470: I tensorflow/core/common_runtime/placer.cc:1059] Adam/update_Variable_8/ApplyAdam: (ApplyAdam)/job:localhost/replica:0/task:0/device:GPU:0
2022-05-11 14:31:57.177482: I tensorflow/core/common_runtime/placer.cc:1059] Adam/mul: (Mul)/job:localhost/replica:0/task:0/device:GPU:0
2022-05-11 14:31:57.177493: I tensorflow/core/common_runtime/placer.cc:1059] Adam/Assign: (Assign)/job:localhost/replica:0/task:0/device:GPU:0
2022-05-11 14:31:57.177505: I tensorflow/core/common_runtime/placer.cc:1059] Adam/mul_1: (Mul)/job:localhost/replica:0/task:0/device:GPU:0
2022-05-11 14:31:57.177516: I tensorflow/core/common_runtime/placer.cc:1059] Adam/Assign_1: (Assign)/job:localhost/replica:0/task:0/device:GPU:0
2022-05-11 14:31:57.177534: I tensorflow/core/common_runtime/placer.cc:1059] Adam: (NoOp)/job:localhost/replica:0/task:0/device:GPU:0
2022-05-11 14:31:57.177552: I tensorflow/core/common_runtime/placer.cc:1059] ArgMax: (ArgMax)/job:localhost/replica:0/task:0/device:GPU:0
2022-05-11 14:31:57.177570: I tensorflow/core/common_runtime/placer.cc:1059] ArgMax_1: (ArgMax)/job:localhost/replica:0/task:0/device:GPU:0
2022-05-11 14:31:57.177588: I tensorflow/core/common_runtime/placer.cc:1059] Equal: (Equal)/job:localhost/replica:0/task:0/device:GPU:0
2022-05-11 14:31:57.177605: I tensorflow/core/common_runtime/placer.cc:1059] Cast: (Cast)/job:localhost/replica:0/task:0/device:GPU:0
2022-05-11 14:31:57.177623: I tensorflow/core/common_runtime/placer.cc:1059] Mean_1: (Mean)/job:localhost/replica:0/task:0/device:GPU:0
2022-05-11 14:31:57.177641: I tensorflow/core/common_runtime/placer.cc:1059] init: (NoOp)/job:localhost/replica:0/task:0/device:GPU:0
2022-05-11 14:31:57.177659: I tensorflow/core/common_runtime/placer.cc:1059] Placeholder: (Placeholder)/job:localhost/replica:0/task:0/device:GPU:0
2022-05-11 14:31:57.177677: I tensorflow/core/common_runtime/placer.cc:1059] zeros/shape_as_tensor: (Const)/job:localhost/replica:0/task:0/device:GPU:0
2022-05-11 14:31:57.177695: I tensorflow/core/common_runtime/placer.cc:1059] zeros/Const: (Const)/job:localhost/replica:0/task:0/device:GPU:0
2022-05-11 14:31:57.177713: I tensorflow/core/common_runtime/placer.cc:1059] Placeholder_1: (Placeholder)/job:localhost/replica:0/task:0/device:GPU:0
2022-05-11 14:31:57.177731: I tensorflow/core/common_runtime/placer.cc:1059] truncated_normal/shape: (Const)/job:localhost/replica:0/task:0/device:GPU:0
2022-05-11 14:31:57.177749: I tensorflow/core/common_runtime/placer.cc:1059] truncated_normal/mean: (Const)/job:localhost/replica:0/task:0/device:GPU:0
2022-05-11 14:31:57.177767: I tensorflow/core/common_runtime/placer.cc:1059] truncated_normal/stddev: (Const)/job:localhost/replica:0/task:0/device:GPU:0
2022-05-11 14:31:57.177785: I tensorflow/core/common_runtime/placer.cc:1059] Const: (Const)/job:localhost/replica:0/task:0/device:GPU:0
2022-05-11 14:31:57.177803: I tensorflow/core/common_runtime/placer.cc:1059] Reshape/shape: (Const)/job:localhost/replica:0/task:0/device:GPU:0
2022-05-11 14:31:57.177820: I tensorflow/core/common_runtime/placer.cc:1059] truncated_normal_1/shape: (Const)/job:localhost/replica:0/task:0/device:GPU:0
2022-05-11 14:31:57.177838: I tensorflow/core/common_runtime/placer.cc:1059] truncated_normal_1/mean: (Const)/job:localhost/replica:0/task:0/device:GPU:0
2022-05-11 14:31:57.177856: I tensorflow/core/common_runtime/placer.cc:1059] truncated_normal_1/stddev: (Const)/job:localhost/replica:0/task:0/device:GPU:0
2022-05-11 14:31:57.177874: I tensorflow/core/common_runtime/placer.cc:1059] Const_1: (Const)/job:localhost/replica:0/task:0/device:GPU:0
2022-05-11 14:31:57.177892: I tensorflow/core/common_runtime/placer.cc:1059] truncated_normal_2/shape: (Const)/job:localhost/replica:0/task:0/device:GPU:0
2022-05-11 14:31:57.177909: I tensorflow/core/common_runtime/placer.cc:1059] truncated_normal_2/mean: (Const)/job:localhost/replica:0/task:0/device:GPU:0
2022-05-11 14:31:57.177927: I tensorflow/core/common_runtime/placer.cc:1059] truncated_normal_2/stddev: (Const)/job:localhost/replica:0/task:0/device:GPU:0
2022-05-11 14:31:57.177945: I tensorflow/core/common_runtime/placer.cc:1059] Const_2: (Const)/job:localhost/replica:0/task:0/device:GPU:0
2022-05-11 14:31:57.177963: I tensorflow/core/common_runtime/placer.cc:1059] Reshape_1/shape: (Const)/job:localhost/replica:0/task:0/device:GPU:0
2022-05-11 14:31:57.177981: I tensorflow/core/common_runtime/placer.cc:1059] Placeholder_2: (Placeholder)/job:localhost/replica:0/task:0/device:GPU:0
2022-05-11 14:31:57.177998: I tensorflow/core/common_runtime/placer.cc:1059] sub/x: (Const)/job:localhost/replica:0/task:0/device:GPU:0
2022-05-11 14:31:57.178016: I tensorflow/core/common_runtime/placer.cc:1059] dropout/sub/x: (Const)/job:localhost/replica:0/task:0/device:GPU:0
2022-05-11 14:31:57.178034: I tensorflow/core/common_runtime/placer.cc:1059] dropout/random_uniform/min: (Const)/job:localhost/replica:0/task:0/device:GPU:0
2022-05-11 14:31:57.178052: I tensorflow/core/common_runtime/placer.cc:1059] dropout/random_uniform/max: (Const)/job:localhost/replica:0/task:0/device:GPU:0
2022-05-11 14:31:57.178070: I tensorflow/core/common_runtime/placer.cc:1059] truncated_normal_3/shape: (Const)/job:localhost/replica:0/task:0/device:GPU:0
2022-05-11 14:31:57.178087: I tensorflow/core/common_runtime/placer.cc:1059] truncated_normal_3/mean: (Const)/job:localhost/replica:0/task:0/device:GPU:0
2022-05-11 14:31:57.178105: I tensorflow/core/common_runtime/placer.cc:1059] truncated_normal_3/stddev: (Const)/job:localhost/replica:0/task:0/device:GPU:0
2022-05-11 14:31:57.178123: I tensorflow/core/common_runtime/placer.cc:1059] Const_3: (Const)/job:localhost/replica:0/task:0/device:GPU:0
2022-05-11 14:31:57.178141: I tensorflow/core/common_runtime/placer.cc:1059] softmax_cross_entropy_with_logits_sg/Rank: (Const)/job:localhost/replica:0/task:0/device:GPU:0
2022-05-11 14:31:57.178158: I tensorflow/core/common_runtime/placer.cc:1059] softmax_cross_entropy_with_logits_sg/Rank_1: (Const)/job:localhost/replica:0/task:0/device:GPU:0
2022-05-11 14:31:57.178176: I tensorflow/core/common_runtime/placer.cc:1059] softmax_cross_entropy_with_logits_sg/Sub/y: (Const)/job:localhost/replica:0/task:0/device:GPU:0
2022-05-11 14:31:57.178194: I tensorflow/core/common_runtime/placer.cc:1059] softmax_cross_entropy_with_logits_sg/Slice/size: (Const)/job:localhost/replica:0/task:0/device:GPU:0
2022-05-11 14:31:57.178212: I tensorflow/core/common_runtime/placer.cc:1059] softmax_cross_entropy_with_logits_sg/concat/values_0: (Const)/job:localhost/replica:0/task:0/device:GPU:0
2022-05-11 14:31:57.178230: I tensorflow/core/common_runtime/placer.cc:1059] softmax_cross_entropy_with_logits_sg/concat/axis: (Const)/job:localhost/replica:0/task:0/device:GPU:0
2022-05-11 14:31:57.178247: I tensorflow/core/common_runtime/placer.cc:1059] softmax_cross_entropy_with_logits_sg/Rank_2: (Const)/job:localhost/replica:0/task:0/device:GPU:0
2022-05-11 14:31:57.178265: I tensorflow/core/common_runtime/placer.cc:1059] softmax_cross_entropy_with_logits_sg/Sub_1/y: (Const)/job:localhost/replica:0/task:0/device:GPU:0
2022-05-11 14:31:57.178283: I tensorflow/core/common_runtime/placer.cc:1059] softmax_cross_entropy_with_logits_sg/Slice_1/size: (Const)/job:localhost/replica:0/task:0/device:GPU:0
2022-05-11 14:31:57.178301: I tensorflow/core/common_runtime/placer.cc:1059] softmax_cross_entropy_with_logits_sg/concat_1/values_0: (Const)/job:localhost/replica:0/task:0/device:GPU:0
2022-05-11 14:31:57.178319: I tensorflow/core/common_runtime/placer.cc:1059] softmax_cross_entropy_with_logits_sg/concat_1/axis: (Const)/job:localhost/replica:0/task:0/device:GPU:0
2022-05-11 14:31:57.178336: I tensorflow/core/common_runtime/placer.cc:1059] softmax_cross_entropy_with_logits_sg/Sub_2/y: (Const)/job:localhost/replica:0/task:0/device:GPU:0
2022-05-11 14:31:57.178354: I tensorflow/core/common_runtime/placer.cc:1059] softmax_cross_entropy_with_logits_sg/Slice_2/begin: (Const)/job:localhost/replica:0/task:0/device:GPU:0
2022-05-11 14:31:57.178372: I tensorflow/core/common_runtime/placer.cc:1059] Const_4: (Const)/job:localhost/replica:0/task:0/device:GPU:0
2022-05-11 14:31:57.178390: I tensorflow/core/common_runtime/placer.cc:1059] gradients/Shape: (Const)/job:localhost/replica:0/task:0/device:GPU:0
2022-05-11 14:31:57.178407: I tensorflow/core/common_runtime/placer.cc:1059] gradients/grad_ys_0: (Const)/job:localhost/replica:0/task:0/device:GPU:0
2022-05-11 14:31:57.178425: I tensorflow/core/common_runtime/placer.cc:1059] gradients/Mean_grad/Reshape/shape: (Const)/job:localhost/replica:0/task:0/device:GPU:0
2022-05-11 14:31:57.178443: I tensorflow/core/common_runtime/placer.cc:1059] gradients/Mean_grad/Shape_2: (Const)/job:localhost/replica:0/task:0/device:GPU:0
2022-05-11 14:31:57.178461: I tensorflow/core/common_runtime/placer.cc:1059] gradients/Mean_grad/Const: (Const)/job:localhost/replica:0/task:0/device:GPU:0
2022-05-11 14:31:57.178478: I tensorflow/core/common_runtime/placer.cc:1059] gradients/Mean_grad/Const_1: (Const)/job:localhost/replica:0/task:0/device:GPU:0
2022-05-11 14:31:57.178496: I tensorflow/core/common_runtime/placer.cc:1059] gradients/Mean_grad/Maximum/y: (Const)/job:localhost/replica:0/task:0/device:GPU:0
2022-05-11 14:31:57.178514: I tensorflow/core/common_runtime/placer.cc:1059] gradients/softmax_cross_entropy_with_logits_sg_grad/ExpandDims/dim: (Const)/job:localhost/replica:0/task:0/device:GPU:0
2022-05-11 14:31:57.178532: I tensorflow/core/common_runtime/placer.cc:1059] gradients/softmax_cross_entropy_with_logits_sg_grad/ExpandDims_1/dim: (Const)/job:localhost/replica:0/task:0/device:GPU:0
2022-05-11 14:31:57.178549: I tensorflow/core/common_runtime/placer.cc:1059] gradients/add_3_grad/Shape_1: (Const)/job:localhost/replica:0/task:0/device:GPU:0
2022-05-11 14:31:57.178567: I tensorflow/core/common_runtime/placer.cc:1059] gradients/add_2_grad/Shape_1: (Const)/job:localhost/replica:0/task:0/device:GPU:0
2022-05-11 14:31:57.178585: I tensorflow/core/common_runtime/placer.cc:1059] gradients/add_1_grad/Shape_1: (Const)/job:localhost/replica:0/task:0/device:GPU:0
2022-05-11 14:31:57.178605: I tensorflow/core/common_runtime/placer.cc:1059] gradients/add_grad/Shape_1: (Const)/job:localhost/replica:0/task:0/device:GPU:0
2022-05-11 14:31:57.178618: I tensorflow/core/common_runtime/placer.cc:1059] beta1_power/initial_value: (Const)/job:localhost/replica:0/task:0/device:GPU:0
2022-05-11 14:31:57.178630: I tensorflow/core/common_runtime/placer.cc:1059] beta2_power/initial_value: (Const)/job:localhost/replica:0/task:0/device:GPU:0
2022-05-11 14:31:57.178642: I tensorflow/core/common_runtime/placer.cc:1059] Variable_1/Adam/Initializer/zeros: (Const)/job:localhost/replica:0/task:0/device:GPU:0
2022-05-11 14:31:57.178653: I tensorflow/core/common_runtime/placer.cc:1059] Variable_1/Adam_1/Initializer/zeros: (Const)/job:localhost/replica:0/task:0/device:GPU:0
2022-05-11 14:31:57.178665: I tensorflow/core/common_runtime/placer.cc:1059] Variable_2/Adam/Initializer/zeros: (Const)/job:localhost/replica:0/task:0/device:GPU:0
2022-05-11 14:31:57.178676: I tensorflow/core/common_runtime/placer.cc:1059] Variable_2/Adam_1/Initializer/zeros: (Const)/job:localhost/replica:0/task:0/device:GPU:0
2022-05-11 14:31:57.178688: I tensorflow/core/common_runtime/placer.cc:1059] Variable_3/Adam/Initializer/zeros/shape_as_tensor: (Const)/job:localhost/replica:0/task:0/device:GPU:0
2022-05-11 14:31:57.178699: I tensorflow/core/common_runtime/placer.cc:1059] Variable_3/Adam/Initializer/zeros/Const: (Const)/job:localhost/replica:0/task:0/device:GPU:0
2022-05-11 14:31:57.178711: I tensorflow/core/common_runtime/placer.cc:1059] Variable_3/Adam_1/Initializer/zeros/shape_as_tensor: (Const)/job:localhost/replica:0/task:0/device:GPU:0
2022-05-11 14:31:57.178722: I tensorflow/core/common_runtime/placer.cc:1059] Variable_3/Adam_1/Initializer/zeros/Const: (Const)/job:localhost/replica:0/task:0/device:GPU:0
2022-05-11 14:31:57.178734: I tensorflow/core/common_runtime/placer.cc:1059] Variable_4/Adam/Initializer/zeros: (Const)/job:localhost/replica:0/task:0/device:GPU:0
2022-05-11 14:31:57.178745: I tensorflow/core/common_runtime/placer.cc:1059] Variable_4/Adam_1/Initializer/zeros: (Const)/job:localhost/replica:0/task:0/device:GPU:0
2022-05-11 14:31:57.178757: I tensorflow/core/common_runtime/placer.cc:1059] Variable_5/Adam/Initializer/zeros/shape_as_tensor: (Const)/job:localhost/replica:0/task:0/device:GPU:0
2022-05-11 14:31:57.178768: I tensorflow/core/common_runtime/placer.cc:1059] Variable_5/Adam/Initializer/zeros/Const: (Const)/job:localhost/replica:0/task:0/device:GPU:0
2022-05-11 14:31:57.178780: I tensorflow/core/common_runtime/placer.cc:1059] Variable_5/Adam_1/Initializer/zeros/shape_as_tensor: (Const)/job:localhost/replica:0/task:0/device:GPU:0
2022-05-11 14:31:57.178791: I tensorflow/core/common_runtime/placer.cc:1059] Variable_5/Adam_1/Initializer/zeros/Const: (Const)/job:localhost/replica:0/task:0/device:GPU:0
2022-05-11 14:31:57.178802: I tensorflow/core/common_runtime/placer.cc:1059] Variable_6/Adam/Initializer/zeros/shape_as_tensor: (Const)/job:localhost/replica:0/task:0/device:GPU:0
2022-05-11 14:31:57.178814: I tensorflow/core/common_runtime/placer.cc:1059] Variable_6/Adam/Initializer/zeros/Const: (Const)/job:localhost/replica:0/task:0/device:GPU:0
2022-05-11 14:31:57.178825: I tensorflow/core/common_runtime/placer.cc:1059] Variable_6/Adam_1/Initializer/zeros/shape_as_tensor: (Const)/job:localhost/replica:0/task:0/device:GPU:0
2022-05-11 14:31:57.178837: I tensorflow/core/common_runtime/placer.cc:1059] Variable_6/Adam_1/Initializer/zeros/Const: (Const)/job:localhost/replica:0/task:0/device:GPU:0
2022-05-11 14:31:57.178848: I tensorflow/core/common_runtime/placer.cc:1059] Variable_7/Adam/Initializer/zeros/shape_as_tensor: (Const)/job:localhost/replica:0/task:0/device:GPU:0
2022-05-11 14:31:57.178860: I tensorflow/core/common_runtime/placer.cc:1059] Variable_7/Adam/Initializer/zeros/Const: (Const)/job:localhost/replica:0/task:0/device:GPU:0
2022-05-11 14:31:57.178871: I tensorflow/core/common_runtime/placer.cc:1059] Variable_7/Adam_1/Initializer/zeros/shape_as_tensor: (Const)/job:localhost/replica:0/task:0/device:GPU:0
2022-05-11 14:31:57.178883: I tensorflow/core/common_runtime/placer.cc:1059] Variable_7/Adam_1/Initializer/zeros/Const: (Const)/job:localhost/replica:0/task:0/device:GPU:0
2022-05-11 14:31:57.178894: I tensorflow/core/common_runtime/placer.cc:1059] Variable_8/Adam/Initializer/zeros: (Const)/job:localhost/replica:0/task:0/device:GPU:0
2022-05-11 14:31:57.178905: I tensorflow/core/common_runtime/placer.cc:1059] Variable_8/Adam_1/Initializer/zeros: (Const)/job:localhost/replica:0/task:0/device:GPU:0
2022-05-11 14:31:57.178924: I tensorflow/core/common_runtime/placer.cc:1059] Adam/learning_rate: (Const)/job:localhost/replica:0/task:0/device:GPU:0
2022-05-11 14:31:57.178942: I tensorflow/core/common_runtime/placer.cc:1059] Adam/beta1: (Const)/job:localhost/replica:0/task:0/device:GPU:0
2022-05-11 14:31:57.178960: I tensorflow/core/common_runtime/placer.cc:1059] Adam/beta2: (Const)/job:localhost/replica:0/task:0/device:GPU:0
2022-05-11 14:31:57.178978: I tensorflow/core/common_runtime/placer.cc:1059] Adam/epsilon: (Const)/job:localhost/replica:0/task:0/device:GPU:0
2022-05-11 14:31:57.179002: I tensorflow/core/common_runtime/placer.cc:1059] ArgMax/dimension: (Const)/job:localhost/replica:0/task:0/device:GPU:0
2022-05-11 14:31:57.179020: I tensorflow/core/common_runtime/placer.cc:1059] ArgMax_1/dimension: (Const)/job:localhost/replica:0/task:0/device:GPU:0
2022-05-11 14:31:57.179038: I tensorflow/core/common_runtime/placer.cc:1059] Const_5: (Const)/job:localhost/replica:0/task:0/device:GPU:0
2022-05-11 14:31:58.947188: I tensorflow/stream_executor/dso_loader.cc:152] successfully opened CUDA library libcublas.so.9.1 locally
